0 info it worked if it ends with ok
1 verbose cli [ '/usr/local/bin/node',
1 verbose cli   '/usr/local/bin/npm',
1 verbose cli   'install',
1 verbose cli   'packagename',
1 verbose cli   '--save-dev' ]
2 info using npm@4.0.3
3 info using node@v6.9.2
4 silly loadCurrentTree Starting
5 silly install loadCurrentTree
6 silly install readLocalPackageData
7 silly fetchPackageMetaData packagename
8 silly fetchNamedPackageData packagename
9 silly mapToRegistry name packagename
10 silly mapToRegistry using default registry
11 silly mapToRegistry registry https://registry.npmjs.org/
12 silly mapToRegistry data Result {
12 silly mapToRegistry   raw: 'packagename',
12 silly mapToRegistry   scope: null,
12 silly mapToRegistry   escapedName: 'packagename',
12 silly mapToRegistry   name: 'packagename',
12 silly mapToRegistry   rawSpec: '',
12 silly mapToRegistry   spec: 'latest',
12 silly mapToRegistry   type: 'tag' }
13 silly mapToRegistry uri https://registry.npmjs.org/packagename
14 verbose request uri https://registry.npmjs.org/packagename
15 verbose request no auth needed
16 info attempt registry request try #1 at 8:45:05 AM
17 verbose request id eeddf7e435debc72
18 verbose etag W/"521cdc44-3ff"
19 verbose lastModified Tue, 27 Aug 2013 17:05:08 GMT
20 http request GET https://registry.npmjs.org/packagename
21 http 304 https://registry.npmjs.org/packagename
22 verbose headers { date: 'Fri, 17 Mar 2017 15:45:05 GMT',
22 verbose headers   via: '1.1 varnish',
22 verbose headers   'cache-control': 'max-age=300',
22 verbose headers   etag: 'W/"521cdc44-3ff"',
22 verbose headers   age: '0',
22 verbose headers   connection: 'keep-alive',
22 verbose headers   'x-served-by': 'cache-sjc3123-SJC',
22 verbose headers   'x-cache': 'HIT',
22 verbose headers   'x-cache-hits': '1',
22 verbose headers   'x-timer': 'S1489765505.832160,VS0,VE120',
22 verbose headers   vary: 'Accept-Encoding' }
23 silly get cb [ 304,
23 silly get   { date: 'Fri, 17 Mar 2017 15:45:05 GMT',
23 silly get     via: '1.1 varnish',
23 silly get     'cache-control': 'max-age=300',
23 silly get     etag: 'W/"521cdc44-3ff"',
23 silly get     age: '0',
23 silly get     connection: 'keep-alive',
23 silly get     'x-served-by': 'cache-sjc3123-SJC',
23 silly get     'x-cache': 'HIT',
23 silly get     'x-cache-hits': '1',
23 silly get     'x-timer': 'S1489765505.832160,VS0,VE120',
23 silly get     vary: 'Accept-Encoding' } ]
24 verbose etag https://registry.npmjs.org/packagename from cache
25 verbose get saving packagename to /Users/Guest/.npm/registry.npmjs.org/packagename/.cache.json
26 verbose correctMkdir /Users/Guest/.npm correctMkdir not in flight; initializing
27 silly install normalizeTree
28 silly loadCurrentTree Finishing
29 silly loadIdealTree Starting
30 silly install loadIdealTree
31 silly cloneCurrentTree Starting
32 silly install cloneCurrentTreeToIdealTree
33 silly cloneCurrentTree Finishing
34 silly loadShrinkwrap Starting
35 silly install loadShrinkwrap
36 silly loadShrinkwrap Finishing
37 silly loadAllDepsIntoIdealTree Starting
38 silly install loadAllDepsIntoIdealTree
39 silly resolveWithNewModule packagename@2.0.1 checking installable status
40 silly cache add args [ 'packagename', null ]
41 verbose cache add spec packagename
42 silly cache add parsed spec Result {
42 silly cache add   raw: 'packagename',
42 silly cache add   scope: null,
42 silly cache add   escapedName: 'packagename',
42 silly cache add   name: 'packagename',
42 silly cache add   rawSpec: '',
42 silly cache add   spec: 'latest',
42 silly cache add   type: 'tag' }
43 silly addNamed packagename@latest
44 verbose addNamed "latest" is being treated as a dist-tag for packagename
45 info addNameTag [ 'packagename', 'latest' ]
46 silly mapToRegistry name packagename
47 silly mapToRegistry using default registry
48 silly mapToRegistry registry https://registry.npmjs.org/
49 silly mapToRegistry data Result {
49 silly mapToRegistry   raw: 'packagename',
49 silly mapToRegistry   scope: null,
49 silly mapToRegistry   escapedName: 'packagename',
49 silly mapToRegistry   name: 'packagename',
49 silly mapToRegistry   rawSpec: '',
49 silly mapToRegistry   spec: 'latest',
49 silly mapToRegistry   type: 'tag' }
50 silly mapToRegistry uri https://registry.npmjs.org/packagename
51 verbose addNameTag registry:https://registry.npmjs.org/packagename not in flight; fetching
52 verbose get https://registry.npmjs.org/packagename not expired, no request
53 silly addNameTag next cb for packagename with tag latest
54 silly addNamed packagename@2.0.1
55 verbose addNamed "2.0.1" is a plain semver version for packagename
56 silly cache afterAdd packagename@2.0.1
57 verbose afterAdd /Users/Guest/.npm/packagename/2.0.1/package/package.json not in flight; writing
58 verbose correctMkdir /Users/Guest/.npm correctMkdir not in flight; initializing
59 verbose afterAdd /Users/Guest/.npm/packagename/2.0.1/package/package.json written
60 silly loadAllDepsIntoIdealTree Finishing
61 silly loadIdealTree Finishing
62 silly currentTree doctor-lookup@1.0.0
62 silly currentTree ├── acorn@4.0.11
62 silly currentTree ├── align-text@0.1.4
62 silly currentTree ├── ansi-regex@2.1.1
62 silly currentTree ├── ansi-styles@2.2.1
62 silly currentTree ├── archy@1.0.0
62 silly currentTree ├── arr-diff@2.0.0
62 silly currentTree ├── arr-flatten@1.0.1
62 silly currentTree ├── array-differ@1.0.0
62 silly currentTree ├── array-filter@0.0.1
62 silly currentTree ├── array-map@0.0.0
62 silly currentTree ├── array-reduce@0.0.0
62 silly currentTree ├── array-union@1.0.2
62 silly currentTree ├── array-uniq@1.0.3
62 silly currentTree ├── array-unique@0.2.1
62 silly currentTree ├── arrify@1.0.1
62 silly currentTree ├── asn1.js@4.9.1
62 silly currentTree ├── assert@1.4.1
62 silly currentTree ├── astw@2.2.0
62 silly currentTree ├── balanced-match@0.4.2
62 silly currentTree ├── base64-js@1.2.0
62 silly currentTree ├── beeper@1.1.1
62 silly currentTree ├── bn.js@4.11.6
62 silly currentTree ├── brace-expansion@1.1.6
62 silly currentTree ├── braces@1.8.5
62 silly currentTree ├── brorand@1.1.0
62 silly currentTree ├── browser-pack@6.0.2
62 silly currentTree ├─┬ browser-resolve@1.11.2
62 silly currentTree │ └── resolve@1.1.7
62 silly currentTree ├── browserify-aes@1.0.6
62 silly currentTree ├── browserify-cipher@1.0.0
62 silly currentTree ├── browserify-des@1.0.0
62 silly currentTree ├── browserify-rsa@4.0.1
62 silly currentTree ├── browserify-sign@4.0.0
62 silly currentTree ├── browserify-zlib@0.1.4
62 silly currentTree ├─┬ browserify@14.1.0
62 silly currentTree │ ├── duplexer2@0.1.4
62 silly currentTree │ ├── glob@7.1.1
62 silly currentTree │ ├── isarray@1.0.0
62 silly currentTree │ ├── minimatch@3.0.3
62 silly currentTree │ └── readable-stream@2.2.6
62 silly currentTree ├── buffer-shims@1.0.0
62 silly currentTree ├── buffer-xor@1.0.3
62 silly currentTree ├── buffer@5.0.5
62 silly currentTree ├── builtin-status-codes@3.0.0
62 silly currentTree ├── cached-path-relative@1.0.1
62 silly currentTree ├── camelcase@1.2.1
62 silly currentTree ├── center-align@0.1.3
62 silly currentTree ├── chalk@1.1.3
62 silly currentTree ├── cipher-base@1.0.3
62 silly currentTree ├─┬ cli@1.0.1
62 silly currentTree │ ├── glob@7.1.1
62 silly currentTree │ └── minimatch@3.0.3
62 silly currentTree ├── cliui@2.1.0
62 silly currentTree ├── clone-buffer@1.0.0
62 silly currentTree ├── clone-stats@0.0.1
62 silly currentTree ├── clone@1.0.2
62 silly currentTree ├── cloneable-readable@1.0.0
62 silly currentTree ├── combine-source-map@0.7.2
62 silly currentTree ├── concat-map@0.0.1
62 silly currentTree ├─┬ concat-stream@1.5.2
62 silly currentTree │ ├── isarray@1.0.0
62 silly currentTree │ └── readable-stream@2.0.6
62 silly currentTree ├── concat-with-sourcemaps@1.0.4
62 silly currentTree ├── console-browserify@1.1.0
62 silly currentTree ├── constants-browserify@1.0.0
62 silly currentTree ├── convert-source-map@1.1.3
62 silly currentTree ├── core-util-is@1.0.2
62 silly currentTree ├── create-ecdh@4.0.0
62 silly currentTree ├── create-hash@1.1.2
62 silly currentTree ├── create-hmac@1.1.4
62 silly currentTree ├── crypto-browserify@3.11.0
62 silly currentTree ├── date-now@0.1.4
62 silly currentTree ├── dateformat@2.0.0
62 silly currentTree ├── decamelize@1.2.0
62 silly currentTree ├── defaults@1.0.3
62 silly currentTree ├── defined@1.0.0
62 silly currentTree ├─┬ del@2.2.2
62 silly currentTree │ └── object-assign@4.1.1
62 silly currentTree ├── deprecated@0.0.1
62 silly currentTree ├── deps-sort@2.0.0
62 silly currentTree ├── des.js@1.0.0
62 silly currentTree ├── detect-file@0.1.0
62 silly currentTree ├── detective@4.5.0
62 silly currentTree ├── diffie-hellman@5.0.2
62 silly currentTree ├─┬ dom-serializer@0.1.0
62 silly currentTree │ ├── domelementtype@1.1.3
62 silly currentTree │ └── entities@1.1.1
62 silly currentTree ├── domain-browser@1.1.7
62 silly currentTree ├── domelementtype@1.3.0
62 silly currentTree ├── domhandler@2.3.0
62 silly currentTree ├── domutils@1.5.1
62 silly currentTree ├── duplexer2@0.0.2
62 silly currentTree ├── elliptic@6.4.0
62 silly currentTree ├── end-of-stream@0.1.5
62 silly currentTree ├── entities@1.0.0
62 silly currentTree ├── escape-string-regexp@1.0.5
62 silly currentTree ├── events@1.1.1
62 silly currentTree ├── evp_bytestokey@1.0.0
62 silly currentTree ├── exit@0.1.2
62 silly currentTree ├── expand-brackets@0.1.5
62 silly currentTree ├── expand-range@1.8.2
62 silly currentTree ├── expand-tilde@1.2.2
62 silly currentTree ├── extend@3.0.0
62 silly currentTree ├── extglob@0.3.2
62 silly currentTree ├── fancy-log@1.3.0
62 silly currentTree ├── filename-regex@2.0.0
62 silly currentTree ├── fill-range@2.2.3
62 silly currentTree ├── find-index@0.1.1
62 silly currentTree ├── findup-sync@0.4.3
62 silly currentTree ├── fined@1.0.2
62 silly currentTree ├── first-chunk-stream@1.0.0
62 silly currentTree ├── flagged-respawn@0.3.2
62 silly currentTree ├── for-in@1.0.2
62 silly currentTree ├── for-own@0.1.5
62 silly currentTree ├── fs-exists-sync@0.1.0
62 silly currentTree ├── fs.realpath@1.0.0
62 silly currentTree ├── function-bind@1.1.0
62 silly currentTree ├── gaze@0.5.2
62 silly currentTree ├── glob-base@0.3.0
62 silly currentTree ├── glob-parent@2.0.0
62 silly currentTree ├─┬ glob-stream@3.1.18
62 silly currentTree │ ├── readable-stream@1.0.34
62 silly currentTree │ └── through2@0.6.5
62 silly currentTree ├── glob-watcher@0.0.6
62 silly currentTree ├── glob@4.5.3
62 silly currentTree ├── glob2base@0.0.12
62 silly currentTree ├── global-modules@0.2.3
62 silly currentTree ├── global-prefix@0.1.5
62 silly currentTree ├─┬ globby@5.0.0
62 silly currentTree │ ├── glob@7.1.1
62 silly currentTree │ ├── minimatch@3.0.3
62 silly currentTree │ └── object-assign@4.1.1
62 silly currentTree ├─┬ globule@0.1.0
62 silly currentTree │ ├── glob@3.1.21
62 silly currentTree │ ├── graceful-fs@1.2.3
62 silly currentTree │ ├── inherits@1.0.2
62 silly currentTree │ └── minimatch@0.2.14
62 silly currentTree ├── glogg@1.0.0
62 silly currentTree ├── graceful-fs@3.0.11
62 silly currentTree ├─┬ gulp-concat@2.6.1
62 silly currentTree │ ├── clone-stats@1.0.0
62 silly currentTree │ ├── replace-ext@1.0.0
62 silly currentTree │ └── vinyl@2.0.1
62 silly currentTree ├─┬ gulp-jshint@2.0.4
62 silly currentTree │ ├── lodash@4.17.4
62 silly currentTree │ └── minimatch@3.0.3
62 silly currentTree ├─┬ gulp-uglify@2.1.0
62 silly currentTree │ └── lodash@4.17.4
62 silly currentTree ├── gulp-util@3.0.8
62 silly currentTree ├── gulp@3.9.1
62 silly currentTree ├── gulplog@1.0.0
62 silly currentTree ├── has-ansi@2.0.0
62 silly currentTree ├── has-gulplog@0.1.0
62 silly currentTree ├── has@1.0.1
62 silly currentTree ├── hash.js@1.0.3
62 silly currentTree ├── hmac-drbg@1.0.0
62 silly currentTree ├── homedir-polyfill@1.0.1
62 silly currentTree ├── htmlescape@1.1.1
62 silly currentTree ├── htmlparser2@3.8.3
62 silly currentTree ├── https-browserify@0.0.1
62 silly currentTree ├── ieee754@1.1.8
62 silly currentTree ├── indexof@0.0.1
62 silly currentTree ├── inflight@1.0.6
62 silly currentTree ├── inherits@2.0.3
62 silly currentTree ├── ini@1.3.4
62 silly currentTree ├── inline-source-map@0.6.2
62 silly currentTree ├── insert-module-globals@7.0.1
62 silly currentTree ├── interpret@1.0.1
62 silly currentTree ├── is-absolute@0.2.6
62 silly currentTree ├── is-buffer@1.1.5
62 silly currentTree ├── is-dotfile@1.0.2
62 silly currentTree ├── is-equal-shallow@0.1.3
62 silly currentTree ├── is-extendable@0.1.1
62 silly currentTree ├── is-extglob@1.0.0
62 silly currentTree ├── is-glob@2.0.1
62 silly currentTree ├── is-number@2.1.0
62 silly currentTree ├── is-path-cwd@1.0.0
62 silly currentTree ├── is-path-in-cwd@1.0.0
62 silly currentTree ├── is-path-inside@1.0.0
62 silly currentTree ├── is-posix-bracket@0.1.1
62 silly currentTree ├── is-primitive@2.0.0
62 silly currentTree ├── is-relative@0.2.1
62 silly currentTree ├── is-stream@1.1.0
62 silly currentTree ├── is-unc-path@0.1.2
62 silly currentTree ├── is-utf8@0.2.1
62 silly currentTree ├── is-windows@0.2.0
62 silly currentTree ├── isarray@0.0.1
62 silly currentTree ├── isexe@1.1.2
62 silly currentTree ├─┬ isobject@2.1.0
62 silly currentTree │ └── isarray@1.0.0
62 silly currentTree ├─┬ jshint@2.9.4
62 silly currentTree │ ├── lodash@3.7.0
62 silly currentTree │ └── minimatch@3.0.3
62 silly currentTree ├── json-stable-stringify@0.0.1
62 silly currentTree ├── jsonify@0.0.0
62 silly currentTree ├── jsonparse@1.3.0
62 silly currentTree ├── JSONStream@1.3.1
62 silly currentTree ├── kind-of@3.1.0
62 silly currentTree ├── labeled-stream-splicer@2.0.0
62 silly currentTree ├── lazy-cache@1.0.4
62 silly currentTree ├── lexical-scope@1.2.0
62 silly currentTree ├── liftoff@2.3.0
62 silly currentTree ├── lodash._basecopy@3.0.1
62 silly currentTree ├── lodash._basetostring@3.0.1
62 silly currentTree ├── lodash._basevalues@3.0.0
62 silly currentTree ├── lodash._getnative@3.9.1
62 silly currentTree ├── lodash._isiterateecall@3.0.9
62 silly currentTree ├── lodash._reescape@3.0.0
62 silly currentTree ├── lodash._reevaluate@3.0.0
62 silly currentTree ├── lodash._reinterpolate@3.0.0
62 silly currentTree ├── lodash._root@3.0.1
62 silly currentTree ├── lodash.assign@4.2.0
62 silly currentTree ├── lodash.assignwith@4.2.0
62 silly currentTree ├── lodash.clonedeep@4.5.0
62 silly currentTree ├── lodash.escape@3.2.0
62 silly currentTree ├── lodash.isarguments@3.1.0
62 silly currentTree ├── lodash.isarray@3.0.4
62 silly currentTree ├── lodash.isempty@4.4.0
62 silly currentTree ├── lodash.isobject@3.0.2
62 silly currentTree ├── lodash.isplainobject@4.0.6
62 silly currentTree ├── lodash.isstring@4.0.1
62 silly currentTree ├── lodash.keys@3.1.2
62 silly currentTree ├── lodash.mapvalues@4.6.0
62 silly currentTree ├── lodash.memoize@3.0.4
62 silly currentTree ├── lodash.merge@4.6.0
62 silly currentTree ├── lodash.pick@4.4.0
62 silly currentTree ├── lodash.restparam@3.6.1
62 silly currentTree ├── lodash.template@3.6.2
62 silly currentTree ├── lodash.templatesettings@3.1.1
62 silly currentTree ├── lodash@1.0.2
62 silly currentTree ├── longest@1.0.1
62 silly currentTree ├── lru-cache@2.7.3
62 silly currentTree ├── make-error-cause@1.2.2
62 silly currentTree ├── make-error@1.2.3
62 silly currentTree ├── map-cache@0.2.2
62 silly currentTree ├── micromatch@2.3.11
62 silly currentTree ├── miller-rabin@4.0.0
62 silly currentTree ├── minimalistic-assert@1.0.0
62 silly currentTree ├── minimalistic-crypto-utils@1.0.1
62 silly currentTree ├── minimatch@2.0.10
62 silly currentTree ├── minimist@1.2.0
62 silly currentTree ├─┬ mkdirp@0.5.1
62 silly currentTree │ └── minimist@0.0.8
62 silly currentTree ├─┬ module-deps@4.1.1
62 silly currentTree │ ├── duplexer2@0.1.4
62 silly currentTree │ ├── isarray@1.0.0
62 silly currentTree │ └── readable-stream@2.2.6
62 silly currentTree ├── multipipe@0.1.2
62 silly currentTree ├── natives@1.1.0
62 silly currentTree ├── normalize-path@2.0.1
62 silly currentTree ├── object-assign@3.0.0
62 silly currentTree ├── object.omit@2.0.1
62 silly currentTree ├── once@1.3.3
62 silly currentTree ├── orchestrator@0.3.8
62 silly currentTree ├── ordered-read-streams@0.1.0
62 silly currentTree ├── os-browserify@0.1.2
62 silly currentTree ├── os-homedir@1.0.2
62 silly currentTree ├── pako@0.2.9
62 silly currentTree ├── parents@1.0.1
62 silly currentTree ├── parse-asn1@5.1.0
62 silly currentTree ├── parse-filepath@1.0.1
62 silly currentTree ├── parse-glob@3.0.4
62 silly currentTree ├── parse-passwd@1.0.0
62 silly currentTree ├── path-browserify@0.0.0
62 silly currentTree ├── path-is-absolute@1.0.1
62 silly currentTree ├── path-is-inside@1.0.2
62 silly currentTree ├── path-parse@1.0.5
62 silly currentTree ├── path-platform@0.11.15
62 silly currentTree ├── path-root-regex@0.1.2
62 silly currentTree ├── path-root@0.1.1
62 silly currentTree ├── pbkdf2@3.0.9
62 silly currentTree ├── pify@2.3.0
62 silly currentTree ├── pinkie-promise@2.0.1
62 silly currentTree ├── pinkie@2.0.4
62 silly currentTree ├── preserve@0.2.0
62 silly currentTree ├── pretty-hrtime@1.0.3
62 silly currentTree ├── process-nextick-args@1.0.7
62 silly currentTree ├── process@0.11.9
62 silly currentTree ├── public-encrypt@4.0.0
62 silly currentTree ├── punycode@1.4.1
62 silly currentTree ├── querystring-es3@0.2.1
62 silly currentTree ├── querystring@0.2.0
62 silly currentTree ├── randomatic@1.1.6
62 silly currentTree ├── randombytes@2.0.3
62 silly currentTree ├── rcfinder@0.1.9
62 silly currentTree ├── rcloader@0.2.2
62 silly currentTree ├─┬ read-only-stream@2.0.0
62 silly currentTree │ ├── isarray@1.0.0
62 silly currentTree │ └── readable-stream@2.2.6
62 silly currentTree ├── readable-stream@1.1.14
62 silly currentTree ├── rechoir@0.6.2
62 silly currentTree ├── regex-cache@0.4.3
62 silly currentTree ├── remove-trailing-separator@1.0.1
62 silly currentTree ├── repeat-element@1.1.2
62 silly currentTree ├── repeat-string@1.6.1
62 silly currentTree ├── replace-ext@0.0.1
62 silly currentTree ├── resolve-dir@0.1.1
62 silly currentTree ├── resolve@1.3.2
62 silly currentTree ├── right-align@0.1.3
62 silly currentTree ├─┬ rimraf@2.6.1
62 silly currentTree │ ├── glob@7.1.1
62 silly currentTree │ └── minimatch@3.0.3
62 silly currentTree ├── ripemd160@1.0.1
62 silly currentTree ├── semver@4.3.6
62 silly currentTree ├── sequencify@0.0.7
62 silly currentTree ├── sha.js@2.4.8
62 silly currentTree ├── shasum@1.0.2
62 silly currentTree ├── shell-quote@1.6.1
62 silly currentTree ├── shelljs@0.3.0
62 silly currentTree ├── sigmund@1.0.1
62 silly currentTree ├── source-map@0.5.6
62 silly currentTree ├── sparkles@1.0.0
62 silly currentTree ├─┬ stream-browserify@2.0.1
62 silly currentTree │ ├── isarray@1.0.0
62 silly currentTree │ └── readable-stream@2.2.6
62 silly currentTree ├─┬ stream-combiner2@1.1.1
62 silly currentTree │ ├── duplexer2@0.1.4
62 silly currentTree │ ├── isarray@1.0.0
62 silly currentTree │ └── readable-stream@2.2.6
62 silly currentTree ├── stream-consume@0.1.0
62 silly currentTree ├─┬ stream-http@2.6.3
62 silly currentTree │ ├── isarray@1.0.0
62 silly currentTree │ └── readable-stream@2.2.6
62 silly currentTree ├─┬ stream-splicer@2.0.0
62 silly currentTree │ ├── isarray@1.0.0
62 silly currentTree │ └── readable-stream@2.2.6
62 silly currentTree ├── string_decoder@0.10.31
62 silly currentTree ├── strip-ansi@3.0.1
62 silly currentTree ├── strip-bom@1.0.0
62 silly currentTree ├── strip-json-comments@1.0.4
62 silly currentTree ├── subarg@1.0.0
62 silly currentTree ├── supports-color@2.0.0
62 silly currentTree ├── syntax-error@1.3.0
62 silly currentTree ├── through@2.3.8
62 silly currentTree ├─┬ through2@2.0.3
62 silly currentTree │ ├── isarray@1.0.0
62 silly currentTree │ └── readable-stream@2.2.6
62 silly currentTree ├── tildify@1.2.0
62 silly currentTree ├── time-stamp@1.0.1
62 silly currentTree ├── timers-browserify@1.4.2
62 silly currentTree ├── to-arraybuffer@1.0.1
62 silly currentTree ├── tty-browserify@0.0.0
62 silly currentTree ├── typedarray@0.0.6
62 silly currentTree ├── uglify-js@2.8.13
62 silly currentTree ├── uglify-save-license@0.4.1
62 silly currentTree ├── uglify-to-browserify@1.0.2
62 silly currentTree ├── umd@3.0.1
62 silly currentTree ├── unc-path-regex@0.1.2
62 silly currentTree ├── unique-stream@1.0.0
62 silly currentTree ├─┬ url@0.11.0
62 silly currentTree │ └── punycode@1.3.2
62 silly currentTree ├── user-home@1.1.1
62 silly currentTree ├── util-deprecate@1.0.2
62 silly currentTree ├─┬ util@0.10.3
62 silly currentTree │ └── inherits@2.0.1
62 silly currentTree ├── v8flags@2.0.11
62 silly currentTree ├─┬ vinyl-fs@0.3.14
62 silly currentTree │ ├── clone@0.2.0
62 silly currentTree │ ├── readable-stream@1.0.34
62 silly currentTree │ ├── through2@0.6.5
62 silly currentTree │ └── vinyl@0.4.6
62 silly currentTree ├─┬ vinyl-source-stream@1.1.0
62 silly currentTree │ ├── clone@0.2.0
62 silly currentTree │ ├── readable-stream@1.0.34
62 silly currentTree │ ├── through2@0.6.5
62 silly currentTree │ └── vinyl@0.4.6
62 silly currentTree ├── vinyl-sourcemaps-apply@0.2.1
62 silly currentTree ├── vinyl@0.5.3
62 silly currentTree ├── vm-browserify@0.0.4
62 silly currentTree ├── which@1.2.12
62 silly currentTree ├── window-size@0.1.0
62 silly currentTree ├── wordwrap@0.0.2
62 silly currentTree ├── wrappy@1.0.2
62 silly currentTree ├── xtend@4.0.1
62 silly currentTree └── yargs@3.10.0
63 silly idealTree doctor-lookup@1.0.0
63 silly idealTree ├── acorn@4.0.11
63 silly idealTree ├── align-text@0.1.4
63 silly idealTree ├── ansi-regex@2.1.1
63 silly idealTree ├── ansi-styles@2.2.1
63 silly idealTree ├── archy@1.0.0
63 silly idealTree ├── arr-diff@2.0.0
63 silly idealTree ├── arr-flatten@1.0.1
63 silly idealTree ├── array-differ@1.0.0
63 silly idealTree ├── array-filter@0.0.1
63 silly idealTree ├── array-map@0.0.0
63 silly idealTree ├── array-reduce@0.0.0
63 silly idealTree ├── array-union@1.0.2
63 silly idealTree ├── array-uniq@1.0.3
63 silly idealTree ├── array-unique@0.2.1
63 silly idealTree ├── arrify@1.0.1
63 silly idealTree ├── asn1.js@4.9.1
63 silly idealTree ├── assert@1.4.1
63 silly idealTree ├── astw@2.2.0
63 silly idealTree ├── balanced-match@0.4.2
63 silly idealTree ├── base64-js@1.2.0
63 silly idealTree ├── beeper@1.1.1
63 silly idealTree ├── bn.js@4.11.6
63 silly idealTree ├── brace-expansion@1.1.6
63 silly idealTree ├── braces@1.8.5
63 silly idealTree ├── brorand@1.1.0
63 silly idealTree ├── browser-pack@6.0.2
63 silly idealTree ├─┬ browser-resolve@1.11.2
63 silly idealTree │ └── resolve@1.1.7
63 silly idealTree ├── browserify-aes@1.0.6
63 silly idealTree ├── browserify-cipher@1.0.0
63 silly idealTree ├── browserify-des@1.0.0
63 silly idealTree ├── browserify-rsa@4.0.1
63 silly idealTree ├── browserify-sign@4.0.0
63 silly idealTree ├── browserify-zlib@0.1.4
63 silly idealTree ├─┬ browserify@14.1.0
63 silly idealTree │ ├── duplexer2@0.1.4
63 silly idealTree │ ├── glob@7.1.1
63 silly idealTree │ ├── isarray@1.0.0
63 silly idealTree │ ├── minimatch@3.0.3
63 silly idealTree │ └── readable-stream@2.2.6
63 silly idealTree ├── buffer-shims@1.0.0
63 silly idealTree ├── buffer-xor@1.0.3
63 silly idealTree ├── buffer@5.0.5
63 silly idealTree ├── builtin-status-codes@3.0.0
63 silly idealTree ├── cached-path-relative@1.0.1
63 silly idealTree ├── camelcase@1.2.1
63 silly idealTree ├── center-align@0.1.3
63 silly idealTree ├── chalk@1.1.3
63 silly idealTree ├── cipher-base@1.0.3
63 silly idealTree ├─┬ cli@1.0.1
63 silly idealTree │ ├── glob@7.1.1
63 silly idealTree │ └── minimatch@3.0.3
63 silly idealTree ├── cliui@2.1.0
63 silly idealTree ├── clone-buffer@1.0.0
63 silly idealTree ├── clone-stats@0.0.1
63 silly idealTree ├── clone@1.0.2
63 silly idealTree ├── cloneable-readable@1.0.0
63 silly idealTree ├── combine-source-map@0.7.2
63 silly idealTree ├── concat-map@0.0.1
63 silly idealTree ├─┬ concat-stream@1.5.2
63 silly idealTree │ ├── isarray@1.0.0
63 silly idealTree │ └── readable-stream@2.0.6
63 silly idealTree ├── concat-with-sourcemaps@1.0.4
63 silly idealTree ├── console-browserify@1.1.0
63 silly idealTree ├── constants-browserify@1.0.0
63 silly idealTree ├── convert-source-map@1.1.3
63 silly idealTree ├── core-util-is@1.0.2
63 silly idealTree ├── create-ecdh@4.0.0
63 silly idealTree ├── create-hash@1.1.2
63 silly idealTree ├── create-hmac@1.1.4
63 silly idealTree ├── crypto-browserify@3.11.0
63 silly idealTree ├── date-now@0.1.4
63 silly idealTree ├── dateformat@2.0.0
63 silly idealTree ├── decamelize@1.2.0
63 silly idealTree ├── defaults@1.0.3
63 silly idealTree ├── defined@1.0.0
63 silly idealTree ├─┬ del@2.2.2
63 silly idealTree │ └── object-assign@4.1.1
63 silly idealTree ├── deprecated@0.0.1
63 silly idealTree ├── deps-sort@2.0.0
63 silly idealTree ├── des.js@1.0.0
63 silly idealTree ├── detect-file@0.1.0
63 silly idealTree ├── detective@4.5.0
63 silly idealTree ├── diffie-hellman@5.0.2
63 silly idealTree ├─┬ dom-serializer@0.1.0
63 silly idealTree │ ├── domelementtype@1.1.3
63 silly idealTree │ └── entities@1.1.1
63 silly idealTree ├── domain-browser@1.1.7
63 silly idealTree ├── domelementtype@1.3.0
63 silly idealTree ├── domhandler@2.3.0
63 silly idealTree ├── domutils@1.5.1
63 silly idealTree ├── duplexer2@0.0.2
63 silly idealTree ├── elliptic@6.4.0
63 silly idealTree ├── end-of-stream@0.1.5
63 silly idealTree ├── entities@1.0.0
63 silly idealTree ├── escape-string-regexp@1.0.5
63 silly idealTree ├── events@1.1.1
63 silly idealTree ├── evp_bytestokey@1.0.0
63 silly idealTree ├── exit@0.1.2
63 silly idealTree ├── expand-brackets@0.1.5
63 silly idealTree ├── expand-range@1.8.2
63 silly idealTree ├── expand-tilde@1.2.2
63 silly idealTree ├── extend@3.0.0
63 silly idealTree ├── extglob@0.3.2
63 silly idealTree ├── fancy-log@1.3.0
63 silly idealTree ├── filename-regex@2.0.0
63 silly idealTree ├── fill-range@2.2.3
63 silly idealTree ├── find-index@0.1.1
63 silly idealTree ├── findup-sync@0.4.3
63 silly idealTree ├── fined@1.0.2
63 silly idealTree ├── first-chunk-stream@1.0.0
63 silly idealTree ├── flagged-respawn@0.3.2
63 silly idealTree ├── for-in@1.0.2
63 silly idealTree ├── for-own@0.1.5
63 silly idealTree ├── fs-exists-sync@0.1.0
63 silly idealTree ├── fs.realpath@1.0.0
63 silly idealTree ├── function-bind@1.1.0
63 silly idealTree ├── gaze@0.5.2
63 silly idealTree ├── glob-base@0.3.0
63 silly idealTree ├── glob-parent@2.0.0
63 silly idealTree ├─┬ glob-stream@3.1.18
63 silly idealTree │ ├── readable-stream@1.0.34
63 silly idealTree │ └── through2@0.6.5
63 silly idealTree ├── glob-watcher@0.0.6
63 silly idealTree ├── glob@4.5.3
63 silly idealTree ├── glob2base@0.0.12
63 silly idealTree ├── global-modules@0.2.3
63 silly idealTree ├── global-prefix@0.1.5
63 silly idealTree ├─┬ globby@5.0.0
63 silly idealTree │ ├── glob@7.1.1
63 silly idealTree │ ├── minimatch@3.0.3
63 silly idealTree │ └── object-assign@4.1.1
63 silly idealTree ├─┬ globule@0.1.0
63 silly idealTree │ ├── glob@3.1.21
63 silly idealTree │ ├── graceful-fs@1.2.3
63 silly idealTree │ ├── inherits@1.0.2
63 silly idealTree │ └── minimatch@0.2.14
63 silly idealTree ├── glogg@1.0.0
63 silly idealTree ├── graceful-fs@3.0.11
63 silly idealTree ├─┬ gulp-concat@2.6.1
63 silly idealTree │ ├── clone-stats@1.0.0
63 silly idealTree │ ├── replace-ext@1.0.0
63 silly idealTree │ └── vinyl@2.0.1
63 silly idealTree ├─┬ gulp-jshint@2.0.4
63 silly idealTree │ ├── lodash@4.17.4
63 silly idealTree │ └── minimatch@3.0.3
63 silly idealTree ├─┬ gulp-uglify@2.1.0
63 silly idealTree │ └── lodash@4.17.4
63 silly idealTree ├── gulp-util@3.0.8
63 silly idealTree ├── gulp@3.9.1
63 silly idealTree ├── gulplog@1.0.0
63 silly idealTree ├── has-ansi@2.0.0
63 silly idealTree ├── has-gulplog@0.1.0
63 silly idealTree ├── has@1.0.1
63 silly idealTree ├── hash.js@1.0.3
63 silly idealTree ├── hmac-drbg@1.0.0
63 silly idealTree ├── homedir-polyfill@1.0.1
63 silly idealTree ├── htmlescape@1.1.1
63 silly idealTree ├── htmlparser2@3.8.3
63 silly idealTree ├── https-browserify@0.0.1
63 silly idealTree ├── ieee754@1.1.8
63 silly idealTree ├── indexof@0.0.1
63 silly idealTree ├── inflight@1.0.6
63 silly idealTree ├── inherits@2.0.3
63 silly idealTree ├── ini@1.3.4
63 silly idealTree ├── inline-source-map@0.6.2
63 silly idealTree ├── insert-module-globals@7.0.1
63 silly idealTree ├── interpret@1.0.1
63 silly idealTree ├── is-absolute@0.2.6
63 silly idealTree ├── is-buffer@1.1.5
63 silly idealTree ├── is-dotfile@1.0.2
63 silly idealTree ├── is-equal-shallow@0.1.3
63 silly idealTree ├── is-extendable@0.1.1
63 silly idealTree ├── is-extglob@1.0.0
63 silly idealTree ├── is-glob@2.0.1
63 silly idealTree ├── is-number@2.1.0
63 silly idealTree ├── is-path-cwd@1.0.0
63 silly idealTree ├── is-path-in-cwd@1.0.0
63 silly idealTree ├── is-path-inside@1.0.0
63 silly idealTree ├── is-posix-bracket@0.1.1
63 silly idealTree ├── is-primitive@2.0.0
63 silly idealTree ├── is-relative@0.2.1
63 silly idealTree ├── is-stream@1.1.0
63 silly idealTree ├── is-unc-path@0.1.2
63 silly idealTree ├── is-utf8@0.2.1
63 silly idealTree ├── is-windows@0.2.0
63 silly idealTree ├── isarray@0.0.1
63 silly idealTree ├── isexe@1.1.2
63 silly idealTree ├─┬ isobject@2.1.0
63 silly idealTree │ └── isarray@1.0.0
63 silly idealTree ├─┬ jshint@2.9.4
63 silly idealTree │ ├── lodash@3.7.0
63 silly idealTree │ └── minimatch@3.0.3
63 silly idealTree ├── json-stable-stringify@0.0.1
63 silly idealTree ├── jsonify@0.0.0
63 silly idealTree ├── jsonparse@1.3.0
63 silly idealTree ├── JSONStream@1.3.1
63 silly idealTree ├── kind-of@3.1.0
63 silly idealTree ├── labeled-stream-splicer@2.0.0
63 silly idealTree ├── lazy-cache@1.0.4
63 silly idealTree ├── lexical-scope@1.2.0
63 silly idealTree ├── liftoff@2.3.0
63 silly idealTree ├── lodash._basecopy@3.0.1
63 silly idealTree ├── lodash._basetostring@3.0.1
63 silly idealTree ├── lodash._basevalues@3.0.0
63 silly idealTree ├── lodash._getnative@3.9.1
63 silly idealTree ├── lodash._isiterateecall@3.0.9
63 silly idealTree ├── lodash._reescape@3.0.0
63 silly idealTree ├── lodash._reevaluate@3.0.0
63 silly idealTree ├── lodash._reinterpolate@3.0.0
63 silly idealTree ├── lodash._root@3.0.1
63 silly idealTree ├── lodash.assign@4.2.0
63 silly idealTree ├── lodash.assignwith@4.2.0
63 silly idealTree ├── lodash.clonedeep@4.5.0
63 silly idealTree ├── lodash.escape@3.2.0
63 silly idealTree ├── lodash.isarguments@3.1.0
63 silly idealTree ├── lodash.isarray@3.0.4
63 silly idealTree ├── lodash.isempty@4.4.0
63 silly idealTree ├── lodash.isobject@3.0.2
63 silly idealTree ├── lodash.isplainobject@4.0.6
63 silly idealTree ├── lodash.isstring@4.0.1
63 silly idealTree ├── lodash.keys@3.1.2
63 silly idealTree ├── lodash.mapvalues@4.6.0
63 silly idealTree ├── lodash.memoize@3.0.4
63 silly idealTree ├── lodash.merge@4.6.0
63 silly idealTree ├── lodash.pick@4.4.0
63 silly idealTree ├── lodash.restparam@3.6.1
63 silly idealTree ├── lodash.template@3.6.2
63 silly idealTree ├── lodash.templatesettings@3.1.1
63 silly idealTree ├── lodash@1.0.2
63 silly idealTree ├── longest@1.0.1
63 silly idealTree ├── lru-cache@2.7.3
63 silly idealTree ├── make-error-cause@1.2.2
63 silly idealTree ├── make-error@1.2.3
63 silly idealTree ├── map-cache@0.2.2
63 silly idealTree ├── micromatch@2.3.11
63 silly idealTree ├── miller-rabin@4.0.0
63 silly idealTree ├── minimalistic-assert@1.0.0
63 silly idealTree ├── minimalistic-crypto-utils@1.0.1
63 silly idealTree ├── minimatch@2.0.10
63 silly idealTree ├── minimist@1.2.0
63 silly idealTree ├─┬ mkdirp@0.5.1
63 silly idealTree │ └── minimist@0.0.8
63 silly idealTree ├─┬ module-deps@4.1.1
63 silly idealTree │ ├── duplexer2@0.1.4
63 silly idealTree │ ├── isarray@1.0.0
63 silly idealTree │ └── readable-stream@2.2.6
63 silly idealTree ├── multipipe@0.1.2
63 silly idealTree ├── natives@1.1.0
63 silly idealTree ├── normalize-path@2.0.1
63 silly idealTree ├── object-assign@3.0.0
63 silly idealTree ├── object.omit@2.0.1
63 silly idealTree ├── once@1.3.3
63 silly idealTree ├── orchestrator@0.3.8
63 silly idealTree ├── ordered-read-streams@0.1.0
63 silly idealTree ├── os-browserify@0.1.2
63 silly idealTree ├── os-homedir@1.0.2
63 silly idealTree ├── packagename@2.0.1
63 silly idealTree ├── pako@0.2.9
63 silly idealTree ├── parents@1.0.1
63 silly idealTree ├── parse-asn1@5.1.0
63 silly idealTree ├── parse-filepath@1.0.1
63 silly idealTree ├── parse-glob@3.0.4
63 silly idealTree ├── parse-passwd@1.0.0
63 silly idealTree ├── path-browserify@0.0.0
63 silly idealTree ├── path-is-absolute@1.0.1
63 silly idealTree ├── path-is-inside@1.0.2
63 silly idealTree ├── path-parse@1.0.5
63 silly idealTree ├── path-platform@0.11.15
63 silly idealTree ├── path-root-regex@0.1.2
63 silly idealTree ├── path-root@0.1.1
63 silly idealTree ├── pbkdf2@3.0.9
63 silly idealTree ├── pify@2.3.0
63 silly idealTree ├── pinkie-promise@2.0.1
63 silly idealTree ├── pinkie@2.0.4
63 silly idealTree ├── preserve@0.2.0
63 silly idealTree ├── pretty-hrtime@1.0.3
63 silly idealTree ├── process-nextick-args@1.0.7
63 silly idealTree ├── process@0.11.9
63 silly idealTree ├── public-encrypt@4.0.0
63 silly idealTree ├── punycode@1.4.1
63 silly idealTree ├── querystring-es3@0.2.1
63 silly idealTree ├── querystring@0.2.0
63 silly idealTree ├── randomatic@1.1.6
63 silly idealTree ├── randombytes@2.0.3
63 silly idealTree ├── rcfinder@0.1.9
63 silly idealTree ├── rcloader@0.2.2
63 silly idealTree ├─┬ read-only-stream@2.0.0
63 silly idealTree │ ├── isarray@1.0.0
63 silly idealTree │ └── readable-stream@2.2.6
63 silly idealTree ├── readable-stream@1.1.14
63 silly idealTree ├── rechoir@0.6.2
63 silly idealTree ├── regex-cache@0.4.3
63 silly idealTree ├── remove-trailing-separator@1.0.1
63 silly idealTree ├── repeat-element@1.1.2
63 silly idealTree ├── repeat-string@1.6.1
63 silly idealTree ├── replace-ext@0.0.1
63 silly idealTree ├── resolve-dir@0.1.1
63 silly idealTree ├── resolve@1.3.2
63 silly idealTree ├── right-align@0.1.3
63 silly idealTree ├─┬ rimraf@2.6.1
63 silly idealTree │ ├── glob@7.1.1
63 silly idealTree │ └── minimatch@3.0.3
63 silly idealTree ├── ripemd160@1.0.1
63 silly idealTree ├── semver@4.3.6
63 silly idealTree ├── sequencify@0.0.7
63 silly idealTree ├── sha.js@2.4.8
63 silly idealTree ├── shasum@1.0.2
63 silly idealTree ├── shell-quote@1.6.1
63 silly idealTree ├── shelljs@0.3.0
63 silly idealTree ├── sigmund@1.0.1
63 silly idealTree ├── source-map@0.5.6
63 silly idealTree ├── sparkles@1.0.0
63 silly idealTree ├─┬ stream-browserify@2.0.1
63 silly idealTree │ ├── isarray@1.0.0
63 silly idealTree │ └── readable-stream@2.2.6
63 silly idealTree ├─┬ stream-combiner2@1.1.1
63 silly idealTree │ ├── duplexer2@0.1.4
63 silly idealTree │ ├── isarray@1.0.0
63 silly idealTree │ └── readable-stream@2.2.6
63 silly idealTree ├── stream-consume@0.1.0
63 silly idealTree ├─┬ stream-http@2.6.3
63 silly idealTree │ ├── isarray@1.0.0
63 silly idealTree │ └── readable-stream@2.2.6
63 silly idealTree ├─┬ stream-splicer@2.0.0
63 silly idealTree │ ├── isarray@1.0.0
63 silly idealTree │ └── readable-stream@2.2.6
63 silly idealTree ├── string_decoder@0.10.31
63 silly idealTree ├── strip-ansi@3.0.1
63 silly idealTree ├── strip-bom@1.0.0
63 silly idealTree ├── strip-json-comments@1.0.4
63 silly idealTree ├── subarg@1.0.0
63 silly idealTree ├── supports-color@2.0.0
63 silly idealTree ├── syntax-error@1.3.0
63 silly idealTree ├── through@2.3.8
63 silly idealTree ├─┬ through2@2.0.3
63 silly idealTree │ ├── isarray@1.0.0
63 silly idealTree │ └── readable-stream@2.2.6
63 silly idealTree ├── tildify@1.2.0
63 silly idealTree ├── time-stamp@1.0.1
63 silly idealTree ├── timers-browserify@1.4.2
63 silly idealTree ├── to-arraybuffer@1.0.1
63 silly idealTree ├── tty-browserify@0.0.0
63 silly idealTree ├── typedarray@0.0.6
63 silly idealTree ├── uglify-js@2.8.13
63 silly idealTree ├── uglify-save-license@0.4.1
63 silly idealTree ├── uglify-to-browserify@1.0.2
63 silly idealTree ├── umd@3.0.1
63 silly idealTree ├── unc-path-regex@0.1.2
63 silly idealTree ├── unique-stream@1.0.0
63 silly idealTree ├─┬ url@0.11.0
63 silly idealTree │ └── punycode@1.3.2
63 silly idealTree ├── user-home@1.1.1
63 silly idealTree ├── util-deprecate@1.0.2
63 silly idealTree ├─┬ util@0.10.3
63 silly idealTree │ └── inherits@2.0.1
63 silly idealTree ├── v8flags@2.0.11
63 silly idealTree ├─┬ vinyl-fs@0.3.14
63 silly idealTree │ ├── clone@0.2.0
63 silly idealTree │ ├── readable-stream@1.0.34
63 silly idealTree │ ├── through2@0.6.5
63 silly idealTree │ └── vinyl@0.4.6
63 silly idealTree ├─┬ vinyl-source-stream@1.1.0
63 silly idealTree │ ├── clone@0.2.0
63 silly idealTree │ ├── readable-stream@1.0.34
63 silly idealTree │ ├── through2@0.6.5
63 silly idealTree │ └── vinyl@0.4.6
63 silly idealTree ├── vinyl-sourcemaps-apply@0.2.1
63 silly idealTree ├── vinyl@0.5.3
63 silly idealTree ├── vm-browserify@0.0.4
63 silly idealTree ├── which@1.2.12
63 silly idealTree ├── window-size@0.1.0
63 silly idealTree ├── wordwrap@0.0.2
63 silly idealTree ├── wrappy@1.0.2
63 silly idealTree ├── xtend@4.0.1
63 silly idealTree └── yargs@3.10.0
64 silly generateActionsToTake Starting
65 silly install generateActionsToTake
66 silly generateActionsToTake Finishing
67 silly diffTrees action count 1
68 silly diffTrees add packagename@2.0.1
69 silly decomposeActions action count 8
70 silly decomposeActions fetch packagename@2.0.1
71 silly decomposeActions extract packagename@2.0.1
72 silly decomposeActions test packagename@2.0.1
73 silly decomposeActions preinstall packagename@2.0.1
74 silly decomposeActions build packagename@2.0.1
75 silly decomposeActions install packagename@2.0.1
76 silly decomposeActions postinstall packagename@2.0.1
77 silly decomposeActions finalize packagename@2.0.1
78 silly runTopLevelLifecycles Starting
79 silly executeActions Starting
80 silly install executeActions
81 silly doSerial global-install 0
82 silly doParallel fetch 1
83 verbose correctMkdir /Users/Guest/.npm/_locks correctMkdir not in flight; initializing
84 verbose lock using /Users/Guest/.npm/_locks/staging-e1060e92466f4d70.lock for /Users/Guest/Desktop/doctor-lookup/node_modules/.staging
85 silly doParallel extract 1
86 silly extract packagename@2.0.1
87 verbose unbuild node_modules/.staging/packagename-13364765
88 silly gentlyRm /Users/Guest/Desktop/doctor-lookup/node_modules/.staging/packagename-13364765 is being purged from base /Users/Guest/Desktop/doctor-lookup
89 verbose gentlyRm don't care about contents; nuking /Users/Guest/Desktop/doctor-lookup/node_modules/.staging/packagename-13364765
90 verbose tar unpack /Users/Guest/.npm/packagename/2.0.1/package.tgz
91 verbose tar unpacking to /Users/Guest/Desktop/doctor-lookup/node_modules/.staging/packagename-13364765
92 silly gentlyRm /Users/Guest/Desktop/doctor-lookup/node_modules/.staging/packagename-13364765 is being purged
93 verbose gentlyRm don't care about contents; nuking /Users/Guest/Desktop/doctor-lookup/node_modules/.staging/packagename-13364765
94 silly gunzTarPerm modes [ '755', '644' ]
95 silly gunzTarPerm extractEntry package.json
96 silly gunzTarPerm modified mode [ 'package.json', 438, 420 ]
97 silly gunzTarPerm extractEntry README.md
98 silly gunzTarPerm modified mode [ 'README.md', 438, 420 ]
99 silly gunzTarPerm extractEntry bin/main.js
100 silly gunzTarPerm modified mode [ 'bin/main.js', 438, 420 ]
101 silly gunzTarPerm extractEntry lib/advance_math.js
102 silly gunzTarPerm modified mode [ 'lib/advance_math.js', 438, 420 ]
103 silly gunzTarPerm extractEntry lib/call_counter.js
104 silly gunzTarPerm modified mode [ 'lib/call_counter.js', 438, 420 ]
105 silly gunzTarPerm extractEntry lib/simple_math.js
106 silly gunzTarPerm modified mode [ 'lib/simple_math.js', 438, 420 ]
107 silly gentlyRm /Users/Guest/Desktop/doctor-lookup/node_modules/.staging/packagename-13364765/node_modules is being purged
108 verbose gentlyRm don't care about contents; nuking /Users/Guest/Desktop/doctor-lookup/node_modules/.staging/packagename-13364765/node_modules
109 silly doParallel preinstall 1
110 silly preinstall packagename@2.0.1
111 info lifecycle packagename@2.0.1~preinstall: packagename@2.0.1
112 silly lifecycle packagename@2.0.1~preinstall: no script for preinstall, continuing
113 silly doReverseSerial remove 0
114 silly doSerial move 0
115 silly doSerial finalize 1
116 silly finalize /Users/Guest/Desktop/doctor-lookup/node_modules/packagename
117 silly doSerial build 1
118 silly build packagename@2.0.1
119 info linkStuff packagename@2.0.1
120 silly linkStuff packagename@2.0.1 has /Users/Guest/Desktop/doctor-lookup/node_modules as its parent node_modules
121 verbose linkBins packagename@2.0.1
122 verbose linkBins [ { maths: 'main.js' },
122 verbose linkBins   '/Users/Guest/Desktop/doctor-lookup/node_modules/.bin',
122 verbose linkBins   false ]
123 verbose linkMans packagename@2.0.1
124 verbose unlock done using /Users/Guest/.npm/_locks/staging-e1060e92466f4d70.lock for /Users/Guest/Desktop/doctor-lookup/node_modules/.staging
125 silly rollbackFailedOptional Starting
126 silly gentlyRm /Users/Guest/Desktop/doctor-lookup/node_modules/packagename is being purged from base /Users/Guest/Desktop/doctor-lookup
127 verbose gentlyRm don't care about contents; nuking /Users/Guest/Desktop/doctor-lookup/node_modules/packagename
128 silly gentlyRm /Users/Guest/Desktop/doctor-lookup/node_modules/packagename is being purged from base /Users/Guest/Desktop/doctor-lookup
129 verbose gentlyRm don't care about contents; nuking /Users/Guest/Desktop/doctor-lookup/node_modules/packagename
130 silly gentlyRm /Users/Guest/Desktop/doctor-lookup/node_modules/packagename is being purged from base /Users/Guest/Desktop/doctor-lookup
131 verbose gentlyRm don't care about contents; nuking /Users/Guest/Desktop/doctor-lookup/node_modules/packagename
132 silly gentlyRm /Users/Guest/Desktop/doctor-lookup/node_modules/packagename is being purged from base /Users/Guest/Desktop/doctor-lookup
133 verbose gentlyRm don't care about contents; nuking /Users/Guest/Desktop/doctor-lookup/node_modules/packagename
134 silly gentlyRm /Users/Guest/Desktop/doctor-lookup/node_modules/packagename is being purged from base /Users/Guest/Desktop/doctor-lookup
135 verbose gentlyRm don't care about contents; nuking /Users/Guest/Desktop/doctor-lookup/node_modules/packagename
136 silly gentlyRm /Users/Guest/Desktop/doctor-lookup/node_modules/packagename is being purged from base /Users/Guest/Desktop/doctor-lookup
137 verbose gentlyRm don't care about contents; nuking /Users/Guest/Desktop/doctor-lookup/node_modules/packagename
138 silly gentlyRm /Users/Guest/Desktop/doctor-lookup/node_modules/packagename is being purged from base /Users/Guest/Desktop/doctor-lookup
139 verbose gentlyRm don't care about contents; nuking /Users/Guest/Desktop/doctor-lookup/node_modules/packagename
140 silly gentlyRm /Users/Guest/Desktop/doctor-lookup/node_modules/packagename is being purged from base /Users/Guest/Desktop/doctor-lookup
141 verbose gentlyRm don't care about contents; nuking /Users/Guest/Desktop/doctor-lookup/node_modules/packagename
142 silly vacuum-fs purging /Users/Guest/Desktop/doctor-lookup/node_modules/packagename
143 silly vacuum-fs purging /Users/Guest/Desktop/doctor-lookup/node_modules/packagename
144 silly vacuum-fs purging /Users/Guest/Desktop/doctor-lookup/node_modules/packagename
145 silly vacuum-fs purging /Users/Guest/Desktop/doctor-lookup/node_modules/packagename
146 silly vacuum-fs purging /Users/Guest/Desktop/doctor-lookup/node_modules/packagename
147 silly vacuum-fs purging /Users/Guest/Desktop/doctor-lookup/node_modules/packagename
148 silly vacuum-fs purging /Users/Guest/Desktop/doctor-lookup/node_modules/packagename
149 silly vacuum-fs purging /Users/Guest/Desktop/doctor-lookup/node_modules/packagename
150 silly vacuum-fs quitting because other entries in /Users/Guest/Desktop/doctor-lookup/node_modules
151 silly vacuum-fs quitting because other entries in /Users/Guest/Desktop/doctor-lookup/node_modules
152 silly vacuum-fs quitting because other entries in /Users/Guest/Desktop/doctor-lookup/node_modules
153 silly vacuum-fs quitting because other entries in /Users/Guest/Desktop/doctor-lookup/node_modules
154 silly vacuum-fs quitting because other entries in /Users/Guest/Desktop/doctor-lookup/node_modules
155 silly vacuum-fs quitting because other entries in /Users/Guest/Desktop/doctor-lookup/node_modules
156 silly vacuum-fs quitting because other entries in /Users/Guest/Desktop/doctor-lookup/node_modules
157 silly vacuum-fs quitting because other entries in /Users/Guest/Desktop/doctor-lookup/node_modules
158 silly rollbackFailedOptional Finishing
159 silly runTopLevelLifecycles Finishing
160 silly install printInstalled
161 warn doctor-lookup@1.0.0 No description
162 verbose If you need help, you may report this error at:
162 verbose     <https://github.com/npm/npm/issues>
163 verbose stack Error: ENOENT: no such file or directory, chmod '/Users/Guest/Desktop/doctor-lookup/node_modules/packagename/main.js'
163 verbose stack     at Error (native)
164 verbose cwd /Users/Guest/Desktop/doctor-lookup
165 error Darwin 15.6.0
166 error argv "/usr/local/bin/node" "/usr/local/bin/npm" "install" "packagename" "--save-dev"
167 error node v6.9.2
168 error npm  v4.0.3
169 error path /Users/Guest/Desktop/doctor-lookup/node_modules/packagename/main.js
170 error code ENOENT
171 error errno -2
172 error syscall chmod
173 error enoent ENOENT: no such file or directory, chmod '/Users/Guest/Desktop/doctor-lookup/node_modules/packagename/main.js'
174 error enoent ENOENT: no such file or directory, chmod '/Users/Guest/Desktop/doctor-lookup/node_modules/packagename/main.js'
174 error enoent This is most likely not a problem with npm itself
174 error enoent and is related to npm not being able to find a file.
175 verbose exit [ -2, true ]
